<?xml version="1.0" encoding="UTF-8"?>
<storyboard sceneWidth="1280" sceneHeight="720">
    <track source=":1" clipStart="0" clipDuration="3600000" repeat="true">
		<effect name="plugin:com.meishesdk.saturation">
            <param name="Saturation Level" value="expr:sin(2.0 * C_PI * (TIME / 1000)) + 1"/>
		</effect>
	</track>
</storyboard>
